  EnemyBase.cpp
  EnemyDesigner.cpp
EnemyDesigner.cpp(6): error C2248: 'EnemyBase::~EnemyBase': cannot access protected member declared in class 'EnemyBase'
  c:\users\błażej\documents\visual studio 2015\projects\gk\software\towerdefence\graphicshandler\EnemyBase.hpp(34): note: see declaration of 'EnemyBase::~EnemyBase'
  c:\users\błażej\documents\visual studio 2015\projects\gk\software\towerdefence\graphicshandler\EnemyBase.hpp(22): note: see declaration of 'EnemyBase'
EnemyDesigner.cpp(6): error C2248: 'EnemyBase::EnemyBase': cannot access protected member declared in class 'EnemyBase'
  c:\users\błażej\documents\visual studio 2015\projects\gk\software\towerdefence\graphicshandler\EnemyBase.hpp(32): note: see declaration of 'EnemyBase::EnemyBase'
  c:\users\błażej\documents\visual studio 2015\projects\gk\software\towerdefence\graphicshandler\EnemyBase.hpp(22): note: see declaration of 'EnemyBase'
EnemyDesigner.cpp(26): warning C4305: 'initializing': truncation from 'double' to 'float'
EnemyDesigner.cpp(93): error C2248: 'EnemyBase::Step': cannot access protected member declared in class 'EnemyBase'
  c:\users\błażej\documents\visual studio 2015\projects\gk\software\towerdefence\graphicshandler\EnemyBase.hpp(31): note: see declaration of 'EnemyBase::Step'
  c:\users\błażej\documents\visual studio 2015\projects\gk\software\towerdefence\graphicshandler\EnemyBase.hpp(22): note: see declaration of 'EnemyBase'
EnemyDesigner.cpp(94): error C2248: 'EnemyBase::getPosition': cannot access protected member declared in class 'EnemyBase'
  c:\users\błażej\documents\visual studio 2015\projects\gk\software\towerdefence\graphicshandler\EnemyBase.hpp(30): note: see declaration of 'EnemyBase::getPosition'
  c:\users\błażej\documents\visual studio 2015\projects\gk\software\towerdefence\graphicshandler\EnemyBase.hpp(22): note: see declaration of 'EnemyBase'
EnemyDesigner.cpp(121): error C2248: 'EnemyBase::~EnemyBase': cannot access protected member declared in class 'EnemyBase'
  c:\users\błażej\documents\visual studio 2015\projects\gk\software\towerdefence\graphicshandler\EnemyBase.hpp(34): note: see declaration of 'EnemyBase::~EnemyBase'
  c:\users\błażej\documents\visual studio 2015\projects\gk\software\towerdefence\graphicshandler\EnemyBase.hpp(22): note: see declaration of 'EnemyBase'
  GraphicManager.cpp
GraphicManager.cpp(58): warning C4244: '=': conversion from 'unsigned int' to 'float', possible loss of data
GraphicManager.cpp(59): warning C4244: '=': conversion from 'unsigned int' to 'float', possible loss of data
GraphicManager.cpp(60): warning C4244: '=': conversion from 'unsigned int' to 'float', possible loss of data
GraphicManager.cpp(61): warning C4244: '=': conversion from 'unsigned int' to 'float', possible loss of data
  main.cpp
main.cpp(21): warning C4244: 'argument': conversion from 'time_t' to 'unsigned int', possible loss of data
main.cpp(40): error C2248: 'EnemyBase::EnemyBase': cannot access protected member declared in class 'EnemyBase'
  c:\users\błażej\documents\visual studio 2015\projects\gk\software\towerdefence\graphicshandler\EnemyBase.hpp(33): note: see declaration of 'EnemyBase::EnemyBase'
  c:\users\błażej\documents\visual studio 2015\projects\gk\software\towerdefence\graphicshandler\EnemyBase.hpp(22): note: see declaration of 'EnemyBase'
main.cpp(40): error C2248: 'EnemyBase::~EnemyBase': cannot access protected member declared in class 'EnemyBase'
  c:\users\błażej\documents\visual studio 2015\projects\gk\software\towerdefence\graphicshandler\EnemyBase.hpp(34): note: see declaration of 'EnemyBase::~EnemyBase'
  c:\users\błażej\documents\visual studio 2015\projects\gk\software\towerdefence\graphicshandler\EnemyBase.hpp(22): note: see declaration of 'EnemyBase'
main.cpp(41): error C2248: 'EnemyBase::EnemyBase': cannot access protected member declared in class 'EnemyBase'
  c:\users\błażej\documents\visual studio 2015\projects\gk\software\towerdefence\graphicshandler\EnemyBase.hpp(33): note: see declaration of 'EnemyBase::EnemyBase'
  c:\users\błażej\documents\visual studio 2015\projects\gk\software\towerdefence\graphicshandler\EnemyBase.hpp(22): note: see declaration of 'EnemyBase'
main.cpp(41): error C2248: 'EnemyBase::~EnemyBase': cannot access protected member declared in class 'EnemyBase'
  c:\users\błażej\documents\visual studio 2015\projects\gk\software\towerdefence\graphicshandler\EnemyBase.hpp(34): note: see declaration of 'EnemyBase::~EnemyBase'
  c:\users\błażej\documents\visual studio 2015\projects\gk\software\towerdefence\graphicshandler\EnemyBase.hpp(22): note: see declaration of 'EnemyBase'
main.cpp(42): error C2248: 'EnemyBase::getPosition': cannot access protected member declared in class 'EnemyBase'
  c:\users\błażej\documents\visual studio 2015\projects\gk\software\towerdefence\graphicshandler\EnemyBase.hpp(30): note: see declaration of 'EnemyBase::getPosition'
  c:\users\błażej\documents\visual studio 2015\projects\gk\software\towerdefence\graphicshandler\EnemyBase.hpp(22): note: see declaration of 'EnemyBase'
main.cpp(43): error C2248: 'EnemyBase::getPosition': cannot access protected member declared in class 'EnemyBase'
  c:\users\błażej\documents\visual studio 2015\projects\gk\software\towerdefence\graphicshandler\EnemyBase.hpp(30): note: see declaration of 'EnemyBase::getPosition'
  c:\users\błażej\documents\visual studio 2015\projects\gk\software\towerdefence\graphicshandler\EnemyBase.hpp(22): note: see declaration of 'EnemyBase'
main.cpp(56): warning C4244: '/=': conversion from 'double' to 'float', possible loss of data
main.cpp(57): warning C4244: '/=': conversion from 'double' to 'float', possible loss of data
main.cpp(60): warning C4244: 'argument': conversion from 'float' to 'int', possible loss of data
main.cpp(64): warning C4244: 'argument': conversion from 'float' to 'int', possible loss of data
main.cpp(66): warning C4244: 'argument': conversion from 'float' to 'int', possible loss of data
main.cpp(72): warning C4244: 'argument': conversion from 'float' to 'int', possible loss of data
main.cpp(74): warning C4244: 'argument': conversion from 'float' to 'int', possible loss of data
  Map.cpp
Map.cpp(165): warning C4800: 'int': forcing value to bool 'true' or 'false' (performance warning)
Map.cpp(170): warning C4800: 'int': forcing value to bool 'true' or 'false' (performance warning)
Map.cpp(175): warning C4800: 'int': forcing value to bool 'true' or 'false' (performance warning)
Map.cpp(180): warning C4800: 'int': forcing value to bool 'true' or 'false' (performance warning)
  Scene.cpp
Scene.cpp(21): warning C4244: 'argument': conversion from 'double' to 'float', possible loss of data
Scene.cpp(22): warning C4244: 'argument': conversion from 'double' to 'float', possible loss of data
Scene.cpp(23): warning C4244: 'argument': conversion from 'double' to 'float', possible loss of data
Scene.cpp(24): warning C4244: 'argument': conversion from 'double' to 'float', possible loss of data
  Tower.cpp
  TowerGraphic.cpp
TowerGraphic.cpp(19): warning C4244: 'argument': conversion from 'double' to 'float', possible loss of data
TowerGraphic.cpp(20): warning C4244: 'argument': conversion from 'double' to 'float', possible loss of data
TowerGraphic.cpp(21): warning C4244: 'argument': conversion from 'double' to 'float', possible loss of data
TowerGraphic.cpp(22): warning C4244: 'argument': conversion from 'double' to 'float', possible loss of data
  TowerManager.cpp
TowerManager.cpp(80): warning C4267: 'return': conversion from 'size_t' to 'int', possible loss of data
  Utils.cpp
