c:\users\błażej\documents\visual studio 2015\projects\gk\software\towerdefence\graphicshandler\x64\debug\vc140.pdb
c:\users\błażej\documents\visual studio 2015\projects\gk\software\towerdefence\graphicshandler\x64\debug\vc140.idb
c:\users\błażej\documents\visual studio 2015\projects\gk\software\towerdefence\graphicshandler\x64\debug\enemybase.obj
c:\users\błażej\documents\visual studio 2015\projects\gk\software\towerdefence\graphicshandler\x64\debug\enemydesigner.obj
c:\users\błażej\documents\visual studio 2015\projects\gk\software\towerdefence\graphicshandler\x64\debug\graphicmanager.obj
c:\users\błażej\documents\visual studio 2015\projects\gk\software\towerdefence\graphicshandler\x64\debug\main.obj
c:\users\błażej\documents\visual studio 2015\projects\gk\software\towerdefence\graphicshandler\x64\debug\map.obj
c:\users\błażej\documents\visual studio 2015\projects\gk\software\towerdefence\graphicshandler\x64\debug\scene.obj
c:\users\błażej\documents\visual studio 2015\projects\gk\software\towerdefence\graphicshandler\x64\debug\tower.obj
c:\users\błażej\documents\visual studio 2015\projects\gk\software\towerdefence\graphicshandler\x64\debug\towergraphic.obj
c:\users\błażej\documents\visual studio 2015\projects\gk\software\towerdefence\graphicshandler\x64\debug\towermanager.obj
c:\users\błażej\documents\visual studio 2015\projects\gk\software\towerdefence\graphicshandler\x64\debug\utils.obj
c:\users\błażej\documents\visual studio 2015\projects\gk\software\towerdefence\graphicshandler\x64\debug\gamestatistics.obj
c:\users\błażej\documents\visual studio 2015\projects\gk\software\towerdefence\x64\debug\graphicshandler.ilk
c:\users\błażej\documents\visual studio 2015\projects\gk\software\towerdefence\x64\debug\graphicshandler.exe
c:\users\błażej\documents\visual studio 2015\projects\gk\software\towerdefence\x64\debug\graphicshandler.pdb
c:\users\błażej\documents\visual studio 2015\projects\gk\software\towerdefence\graphicshandler\x64\debug\graphicshandler.tlog\cl.command.1.tlog
c:\users\błażej\documents\visual studio 2015\projects\gk\software\towerdefence\graphicshandler\x64\debug\graphicshandler.tlog\cl.read.1.tlog
c:\users\błażej\documents\visual studio 2015\projects\gk\software\towerdefence\graphicshandler\x64\debug\graphicshandler.tlog\cl.write.1.tlog
c:\users\błażej\documents\visual studio 2015\projects\gk\software\towerdefence\graphicshandler\x64\debug\graphicshandler.tlog\link.command.1.tlog
c:\users\błażej\documents\visual studio 2015\projects\gk\software\towerdefence\graphicshandler\x64\debug\graphicshandler.tlog\link.read.1.tlog
c:\users\błażej\documents\visual studio 2015\projects\gk\software\towerdefence\graphicshandler\x64\debug\graphicshandler.tlog\link.write.1.tlog
